# JRE version: OpenJDK Runtime Environment Temurin-21.0.9+10 (21.0.9+10) (build 21.0.9+10-LTS)
# Java VM: OpenJDK 64-Bit Server VM Temurin-21.0.9+10 (21.0.9+10-LTS, mixed mode, sharing, tiered, compressed oops, compressed class ptrs, parallel gc, windows-amd64)
GC Precious Log:
 CardTable entry size: 512
 CPUs: 16 total, 16 available
 Memory: 16109M
 Large Page Support: Disabled
 NUMA Support: Disabled
 Compressed Oops: Enabled (32-bit)
 Alignments: Space 512K, Generation 512K, Heap 2M
 Heap Min Capacity: 100M
 Heap Initial Capacity: 100M
 Heap Max Capacity: 2G
 Pre-touch: Disabled
 Parallel Workers: 13
Heap:
 PSYoungGen      total 12800K, used 5273K [0x00000000d5580000, 0x00000000d6700000, 0x0000000100000000)
  eden space 11776K, 36% used [0x00000000d5580000,0x00000000d59ae760,0x00000000d6100000)
  from space 1024K, 96% used [0x00000000d6480000,0x00000000d6578010,0x00000000d6580000)
  to   space 3072K, 0% used [0x00000000d6100000,0x00000000d6100000,0x00000000d6400000)
 ParOldGen       total 446464K, used 294367K [0x0000000080000000, 0x000000009b400000, 0x00000000d5580000)
  object space 446464K, 65% used [0x0000000080000000,0x0000000091f77f28,0x000000009b400000)
 Metaspace       used 89685K, committed 91520K, reserved 1179648K
  class space    used 9752K, committed 10560K, reserved 1048576K
GC Heap History (20 events):
Event: 180.936 GC heap before
{Heap before GC invocations=1115 (full 4):
 PSYoungGen      total 18944K, used 18825K [0x00000000d5580000, 0x00000000d6b80000, 0x0000000100000000)
  eden space 17920K, 100% used [0x00000000d5580000,0x00000000d6700000,0x00000000d6700000)
  from space 1024K, 88% used [0x00000000d6a80000,0x00000000d6b62400,0x00000000d6b80000)
  to   space 1024K, 0% used [0x00000000d6980000,0x00000000d6980000,0x00000000d6a80000)
 ParOldGen       total 446464K, used 248014K [0x0000000080000000, 0x000000009b400000, 0x00000000d5580000)
  object space 446464K, 55% used [0x0000000080000000,0x000000008f233ba0,0x000000009b400000)
 Metaspace       used 88967K, committed 90752K, reserved 1179648K
  class space    used 9666K, committed 10432K, reserved 1048576K
}
Event: 180.938 GC heap after
{Heap after GC invocations=1115 (full 4):
 PSYoungGen      total 18944K, used 1010K [0x00000000d5580000, 0x00000000d6b00000, 0x0000000100000000)
  eden space 17920K, 0% used [0x00000000d5580000,0x00000000d5580000,0x00000000d6700000)
  from space 1024K, 98% used [0x00000000d6980000,0x00000000d6a7c800,0x00000000d6a80000)
  to   space 512K, 0% used [0x00000000d6a80000,0x00000000d6a80000,0x00000000d6b00000)
 ParOldGen       total 446464K, used 248126K [0x0000000080000000, 0x000000009b400000, 0x00000000d5580000)
  object space 446464K, 55% used [0x0000000080000000,0x000000008f24fba0,0x000000009b400000)
 Metaspace       used 88967K, committed 90752K, reserved 1179648K
  class space    used 9666K, committed 10432K, reserved 1048576K
}
Event: 181.182 GC heap before
{Heap before GC invocations=1116 (full 4):
 PSYoungGen      total 18944K, used 18428K [0x00000000d5580000, 0x00000000d6b00000, 0x0000000100000000)
  eden space 17920K, 97% used [0x00000000d5580000,0x00000000d6682ab8,0x00000000d6700000)
  from space 1024K, 98% used [0x00000000d6980000,0x00000000d6a7c800,0x00000000d6a80000)
  to   space 512K, 0% used [0x00000000d6a80000,0x00000000d6a80000,0x00000000d6b00000)
 ParOldGen       total 446464K, used 248126K [0x0000000080000000, 0x000000009b400000, 0x00000000d5580000)
  object space 446464K, 55% used [0x0000000080000000,0x000000008f24fba0,0x000000009b400000)
 Metaspace       used 89070K, committed 90816K, reserved 1179648K
  class space    used 9674K, committed 10432K, reserved 1048576K
}
Event: 181.191 GC heap after
{Heap after GC invocations=1116 (full 4):
 PSYoungGen      total 12288K, used 500K [0x00000000d5580000, 0x00000000d7a00000, 0x0000000100000000)
  eden space 11776K, 0% used [0x00000000d5580000,0x00000000d5580000,0x00000000d6100000)
  from space 512K, 97% used [0x00000000d6a80000,0x00000000d6afd288,0x00000000d6b00000)
  to   space 9728K, 0% used [0x00000000d6100000,0x00000000d6100000,0x00000000d6a80000)
 ParOldGen       total 446464K, used 256056K [0x0000000080000000, 0x000000009b400000, 0x00000000d5580000)
  object space 446464K, 57% used [0x0000000080000000,0x000000008fa0e300,0x000000009b400000)
 Metaspace       used 89070K, committed 90816K, reserved 1179648K
  class space    used 9674K, committed 10432K, reserved 1048576K
}
Event: 181.283 GC heap before
{Heap before GC invocations=1117 (full 4):
 PSYoungGen      total 12288K, used 12276K [0x00000000d5580000, 0x00000000d7a00000, 0x0000000100000000)
  eden space 11776K, 100% used [0x00000000d5580000,0x00000000d6100000,0x00000000d6100000)
  from space 512K, 97% used [0x00000000d6a80000,0x00000000d6afd288,0x00000000d6b00000)
  to   space 9728K, 0% used [0x00000000d6100000,0x00000000d6100000,0x00000000d6a80000)
 ParOldGen       total 446464K, used 256056K [0x0000000080000000, 0x000000009b400000, 0x00000000d5580000)
  object space 446464K, 57% used [0x0000000080000000,0x000000008fa0e300,0x000000009b400000)
 Metaspace       used 89168K, committed 91008K, reserved 1179648K
  class space    used 9698K, committed 10496K, reserved 1048576K
}
Event: 181.285 GC heap after
{Heap after GC invocations=1117 (full 4):
 PSYoungGen      total 16896K, used 5094K [0x00000000d5580000, 0x00000000d6e00000, 0x0000000100000000)
  eden space 11776K, 0% used [0x00000000d5580000,0x00000000d5580000,0x00000000d6100000)
  from space 5120K, 99% used [0x00000000d6100000,0x00000000d65f9928,0x00000000d6600000)
  to   space 6656K, 0% used [0x00000000d6780000,0x00000000d6780000,0x00000000d6e00000)
 ParOldGen       total 446464K, used 256582K [0x0000000080000000, 0x000000009b400000, 0x00000000d5580000)
  object space 446464K, 57% used [0x0000000080000000,0x000000008fa91a38,0x000000009b400000)
 Metaspace       used 89168K, committed 91008K, reserved 1179648K
  class space    used 9698K, committed 10496K, reserved 1048576K
}
Event: 181.315 GC heap before
{Heap before GC invocations=1118 (full 4):
 PSYoungGen      total 16896K, used 16870K [0x00000000d5580000, 0x00000000d6e00000, 0x0000000100000000)
  eden space 11776K, 100% used [0x00000000d5580000,0x00000000d6100000,0x00000000d6100000)
  from space 5120K, 99% used [0x00000000d6100000,0x00000000d65f9928,0x00000000d6600000)
  to   space 6656K, 0% used [0x00000000d6780000,0x00000000d6780000,0x00000000d6e00000)
 ParOldGen       total 446464K, used 256582K [0x0000000080000000, 0x000000009b400000, 0x00000000d5580000)
  object space 446464K, 57% used [0x0000000080000000,0x000000008fa91a38,0x000000009b400000)
 Metaspace       used 89173K, committed 91008K, reserved 1179648K
  class space    used 9698K, committed 10496K, reserved 1048576K
}
Event: 181.319 GC heap after
{Heap after GC invocations=1118 (full 4):
 PSYoungGen      total 12800K, used 1010K [0x00000000d5580000, 0x00000000d6880000, 0x0000000100000000)
  eden space 11776K, 0% used [0x00000000d5580000,0x00000000d5580000,0x00000000d6100000)
  from space 1024K, 98% used [0x00000000d6780000,0x00000000d687c800,0x00000000d6880000)
  to   space 3072K, 0% used [0x00000000d6280000,0x00000000d6280000,0x00000000d6580000)
 ParOldGen       total 446464K, used 257566K [0x0000000080000000, 0x000000009b400000, 0x00000000d5580000)
  object space 446464K, 57% used [0x0000000080000000,0x000000008fb87a38,0x000000009b400000)
 Metaspace       used 89173K, committed 91008K, reserved 1179648K
  class space    used 9698K, committed 10496K, reserved 1048576K
}
Event: 215.408 GC heap before
{Heap before GC invocations=1119 (full 4):
 PSYoungGen      total 12800K, used 12353K [0x00000000d5580000, 0x00000000d6880000, 0x0000000100000000)
  eden space 11776K, 96% used [0x00000000d5580000,0x00000000d6093c98,0x00000000d6100000)
  from space 1024K, 98% used [0x00000000d6780000,0x00000000d687c800,0x00000000d6880000)
  to   space 3072K, 0% used [0x00000000d6280000,0x00000000d6280000,0x00000000d6580000)
 ParOldGen       total 446464K, used 288286K [0x0000000080000000, 0x000000009b400000, 0x00000000d5580000)
  object space 446464K, 64% used [0x0000000080000000,0x0000000091987a68,0x000000009b400000)
 Metaspace       used 89240K, committed 91072K, reserved 1179648K
  class space    used 9707K, committed 10496K, reserved 1048576K
}
Event: 215.414 GC heap after
{Heap after GC invocations=1119 (full 4):
 PSYoungGen      total 14848K, used 1270K [0x00000000d5580000, 0x00000000d6800000, 0x0000000100000000)
  eden space 11776K, 0% used [0x00000000d5580000,0x00000000d5580000,0x00000000d6100000)
  from space 3072K, 41% used [0x00000000d6280000,0x00000000d63bdb30,0x00000000d6580000)
  to   space 1536K, 0% used [0x00000000d6680000,0x00000000d6680000,0x00000000d6800000)
 ParOldGen       total 446464K, used 288845K [0x0000000080000000, 0x000000009b400000, 0x00000000d5580000)
  object space 446464K, 64% used [0x0000000080000000,0x0000000091a134d8,0x000000009b400000)
 Metaspace       used 89240K, committed 91072K, reserved 1179648K
  class space    used 9707K, committed 10496K, reserved 1048576K
}
Event: 219.470 GC heap before
{Heap before GC invocations=1120 (full 4):
 PSYoungGen      total 14848K, used 13046K [0x00000000d5580000, 0x00000000d6800000, 0x0000000100000000)
  eden space 11776K, 100% used [0x00000000d5580000,0x00000000d6100000,0x00000000d6100000)
  from space 3072K, 41% used [0x00000000d6280000,0x00000000d63bdb30,0x00000000d6580000)
  to   space 1536K, 0% used [0x00000000d6680000,0x00000000d6680000,0x00000000d6800000)
 ParOldGen       total 446464K, used 288845K [0x0000000080000000, 0x000000009b400000, 0x00000000d5580000)
  object space 446464K, 64% used [0x0000000080000000,0x0000000091a134d8,0x000000009b400000)
 Metaspace       used 89284K, committed 91072K, reserved 1179648K
  class space    used 9708K, committed 10496K, reserved 1048576K
}
Event: 219.475 GC heap after
{Heap after GC invocations=1120 (full 4):
 PSYoungGen      total 13312K, used 1533K [0x00000000d5580000, 0x00000000d6800000, 0x0000000100000000)
  eden space 11776K, 0% used [0x00000000d5580000,0x00000000d5580000,0x00000000d6100000)
  from space 1536K, 99% used [0x00000000d6680000,0x00000000d67ff520,0x00000000d6800000)
  to   space 2560K, 0% used [0x00000000d6300000,0x00000000d6300000,0x00000000d6580000)
 ParOldGen       total 446464K, used 289659K [0x0000000080000000, 0x000000009b400000, 0x00000000d5580000)
  object space 446464K, 64% used [0x0000000080000000,0x0000000091aded58,0x000000009b400000)
 Metaspace       used 89284K, committed 91072K, reserved 1179648K
  class space    used 9708K, committed 10496K, reserved 1048576K
}
Event: 219.494 GC heap before
{Heap before GC invocations=1121 (full 4):
 PSYoungGen      total 13312K, used 13309K [0x00000000d5580000, 0x00000000d6800000, 0x0000000100000000)
  eden space 11776K, 99% used [0x00000000d5580000,0x00000000d60fffc0,0x00000000d6100000)
  from space 1536K, 99% used [0x00000000d6680000,0x00000000d67ff520,0x00000000d6800000)
  to   space 2560K, 0% used [0x00000000d6300000,0x00000000d6300000,0x00000000d6580000)
 ParOldGen       total 446464K, used 289659K [0x0000000080000000, 0x000000009b400000, 0x00000000d5580000)
  object space 446464K, 64% used [0x0000000080000000,0x0000000091aded58,0x000000009b400000)
 Metaspace       used 89284K, committed 91072K, reserved 1179648K
  class space    used 9708K, committed 10496K, reserved 1048576K
}
Event: 219.497 GC heap after
{Heap after GC invocations=1121 (full 4):
 PSYoungGen      total 13824K, used 1744K [0x00000000d5580000, 0x00000000d6700000, 0x0000000100000000)
  eden space 11776K, 0% used [0x00000000d5580000,0x00000000d5580000,0x00000000d6100000)
  from space 2048K, 85% used [0x00000000d6300000,0x00000000d64b4010,0x00000000d6500000)
  to   space 2048K, 0% used [0x00000000d6500000,0x00000000d6500000,0x00000000d6700000)
 ParOldGen       total 446464K, used 291028K [0x0000000080000000, 0x000000009b400000, 0x00000000d5580000)
  object space 446464K, 65% used [0x0000000080000000,0x0000000091c352c8,0x000000009b400000)
 Metaspace       used 89284K, committed 91072K, reserved 1179648K
  class space    used 9708K, committed 10496K, reserved 1048576K
}
Event: 219.538 GC heap before
{Heap before GC invocations=1122 (full 4):
 PSYoungGen      total 13824K, used 13520K [0x00000000d5580000, 0x00000000d6700000, 0x0000000100000000)
  eden space 11776K, 100% used [0x00000000d5580000,0x00000000d6100000,0x00000000d6100000)
  from space 2048K, 85% used [0x00000000d6300000,0x00000000d64b4010,0x00000000d6500000)
  to   space 2048K, 0% used [0x00000000d6500000,0x00000000d6500000,0x00000000d6700000)
 ParOldGen       total 446464K, used 291028K [0x0000000080000000, 0x000000009b400000, 0x00000000d5580000)
  object space 446464K, 65% used [0x0000000080000000,0x0000000091c352c8,0x000000009b400000)
 Metaspace       used 89288K, committed 91072K, reserved 1179648K
  class space    used 9708K, committed 10496K, reserved 1048576K
}
Event: 219.540 GC heap after
{Heap after GC invocations=1122 (full 4):
 PSYoungGen      total 12800K, used 960K [0x00000000d5580000, 0x00000000d6600000, 0x0000000100000000)
  eden space 11776K, 0% used [0x00000000d5580000,0x00000000d5580000,0x00000000d6100000)
  from space 1024K, 93% used [0x00000000d6500000,0x00000000d65f0020,0x00000000d6600000)
  to   space 1536K, 0% used [0x00000000d6300000,0x00000000d6300000,0x00000000d6480000)
 ParOldGen       total 446464K, used 292092K [0x0000000080000000, 0x000000009b400000, 0x00000000d5580000)
  object space 446464K, 65% used [0x0000000080000000,0x0000000091d3f2c8,0x000000009b400000)
 Metaspace       used 89288K, committed 91072K, reserved 1179648K
  class space    used 9708K, committed 10496K, reserved 1048576K
}
Event: 219.728 GC heap before
{Heap before GC invocations=1123 (full 4):
 PSYoungGen      total 12800K, used 12736K [0x00000000d5580000, 0x00000000d6600000, 0x0000000100000000)
  eden space 11776K, 100% used [0x00000000d5580000,0x00000000d6100000,0x00000000d6100000)
  from space 1024K, 93% used [0x00000000d6500000,0x00000000d65f0020,0x00000000d6600000)
  to   space 1536K, 0% used [0x00000000d6300000,0x00000000d6300000,0x00000000d6480000)
 ParOldGen       total 446464K, used 292092K [0x0000000080000000, 0x000000009b400000, 0x00000000d5580000)
  object space 446464K, 65% used [0x0000000080000000,0x0000000091d3f2c8,0x000000009b400000)
 Metaspace       used 89679K, committed 91520K, reserved 1179648K
  class space    used 9751K, committed 10560K, reserved 1048576K
}
Event: 219.730 GC heap after
{Heap after GC invocations=1123 (full 4):
 PSYoungGen      total 13312K, used 1320K [0x00000000d5580000, 0x00000000d6580000, 0x0000000100000000)
  eden space 11776K, 0% used [0x00000000d5580000,0x00000000d5580000,0x00000000d6100000)
  from space 1536K, 85% used [0x00000000d6300000,0x00000000d644a028,0x00000000d6480000)
  to   space 1024K, 0% used [0x00000000d6480000,0x00000000d6480000,0x00000000d6580000)
 ParOldGen       total 446464K, used 292748K [0x0000000080000000, 0x000000009b400000, 0x00000000d5580000)
  object space 446464K, 65% used [0x0000000080000000,0x0000000091de32c8,0x000000009b400000)
 Metaspace       used 89679K, committed 91520K, reserved 1179648K
  class space    used 9751K, committed 10560K, reserved 1048576K
}
Event: 219.841 GC heap before
{Heap before GC invocations=1124 (full 4):
 PSYoungGen      total 13312K, used 13096K [0x00000000d5580000, 0x00000000d6580000, 0x0000000100000000)
  eden space 11776K, 100% used [0x00000000d5580000,0x00000000d6100000,0x00000000d6100000)
  from space 1536K, 85% used [0x00000000d6300000,0x00000000d644a028,0x00000000d6480000)
  to   space 1024K, 0% used [0x00000000d6480000,0x00000000d6480000,0x00000000d6580000)
 ParOldGen       total 446464K, used 292748K [0x0000000080000000, 0x000000009b400000, 0x00000000d5580000)
  object space 446464K, 65% used [0x0000000080000000,0x0000000091de32c8,0x000000009b400000)
 Metaspace       used 89685K, committed 91520K, reserved 1179648K
  class space    used 9752K, committed 10560K, reserved 1048576K
}
Event: 220.758 GC heap after
{Heap after GC invocations=1124 (full 4):
 PSYoungGen      total 12800K, used 992K [0x00000000d5580000, 0x00000000d6700000, 0x0000000100000000)
  eden space 11776K, 0% used [0x00000000d5580000,0x00000000d5580000,0x00000000d6100000)
  from space 1024K, 96% used [0x00000000d6480000,0x00000000d6578010,0x00000000d6580000)
  to   space 3072K, 0% used [0x00000000d6100000,0x00000000d6100000,0x00000000d6400000)
 ParOldGen       total 446464K, used 294367K [0x0000000080000000, 0x000000009b400000, 0x00000000d5580000)
  object space 446464K, 65% used [0x0000000080000000,0x0000000091f77f28,0x000000009b400000)
 Metaspace       used 89685K, committed 91520K, reserved 1179648K
  class space    used 9752K, committed 10560K, reserved 1048576K
}

